<?xml version="1.0" encoding="UTF-8"?>
<testng-results skipped="0" failed="0" ignored="0" total="1" passed="1">
  <reporter-output>
  </reporter-output>
  <suite name="Suite" duration-ms="12322" started-at="2020-10-18T19:16:59 IST" finished-at="2020-10-18T19:17:11 IST">
    <groups>
    </groups>
    <test name="Test" duration-ms="12322" started-at="2020-10-18T19:16:59 IST" finished-at="2020-10-18T19:17:11 IST">
      <class name="testCases.PetAPITesting">
        <test-method status="PASS" signature="verifyAPI()[pri:0, instance:testCases.PetAPITesting@47ef968d]" name="verifyAPI" duration-ms="12291" started-at="2020-10-18T19:16:59 IST" finished-at="2020-10-18T19:17:11 IST">
          <reporter-output>
          </reporter-output>
        </test-method> <!-- verifyAPI -->
      </class> <!-- testCases.PetAPITesting -->
    </test> <!-- Test -->
  </suite> <!-- Suite -->
</testng-results>
